app/build/intermediates/manifest_merge_blame_file/debug/manifest-merger-blame-debug-report.txt
1<?xml version="1.0" encoding="utf-8"?>
2<manifest xmlns:android="http://schemas.android.com/apk/res/android"
3    package="com.example.dogglers"
4    android:versionCode="1"
5    android:versionName="1.0" >
6
7    <uses-sdk
8        android:minSdkVersion="21"
8-->src\main\AndroidManifest.xml
9        android:targetSdkVersion="32" />
9-->src\main\AndroidManifest.xml
10
11    <uses-permission android:name="android.permission.REORDER_TASKS" />
11-->[androidx.fragment:fragment-testing:1.4.1] AndroidManifest.xml:25:5-72
11-->[androidx.fragment:fragment-testing:1.4.1] AndroidManifest.xml:25:22-69
12
13    <application
13-->src\main\AndroidManifest.xml:6:5-36:19
14        android:allowBackup="true"
14-->src\main\AndroidManifest.xml:7:9-35
15        android:appComponentFactory="androidx.core.app.CoreComponentFactory"
15-->[androidx.core:core:1.7.0] AndroidManifest.xml:24:18-86
16        android:debuggable="true"
17        android:icon="@mipmap/ic_launcher"
17-->src\main\AndroidManifest.xml:8:9-43
18        android:label="@string/app_name"
18-->src\main\AndroidManifest.xml:9:9-41
19        android:roundIcon="@mipmap/ic_launcher_round"
19-->src\main\AndroidManifest.xml:10:9-54
20        android:supportsRtl="true"
20-->src\main\AndroidManifest.xml:11:9-35
21        android:testOnly="true"
22        android:theme="@style/Theme.Dogglers" >
22-->src\main\AndroidManifest.xml:12:9-46
23        <activity android:name="com.example.dogglers.VerticalListActivity" >
23-->src\main\AndroidManifest.xml:13:9-17:20
23-->src\main\AndroidManifest.xml:13:19-55
24            <meta-data
24-->src\main\AndroidManifest.xml:14:13-16:49
25                android:name="android.support.PARENT_ACTIVITY"
25-->src\main\AndroidManifest.xml:15:17-63
26                android:value=".MainActivity" />
26-->src\main\AndroidManifest.xml:16:17-46
27        </activity>
28        <activity android:name="com.example.dogglers.HorizontalListActivity" >
28-->src\main\AndroidManifest.xml:18:9-22:20
28-->src\main\AndroidManifest.xml:18:19-57
29            <meta-data
29-->src\main\AndroidManifest.xml:14:13-16:49
30                android:name="android.support.PARENT_ACTIVITY"
30-->src\main\AndroidManifest.xml:15:17-63
31                android:value=".MainActivity" />
31-->src\main\AndroidManifest.xml:16:17-46
32        </activity>
33        <activity android:name="com.example.dogglers.GridListActivity" >
33-->src\main\AndroidManifest.xml:23:9-27:20
33-->src\main\AndroidManifest.xml:23:19-51
34            <meta-data
34-->src\main\AndroidManifest.xml:14:13-16:49
35                android:name="android.support.PARENT_ACTIVITY"
35-->src\main\AndroidManifest.xml:15:17-63
36                android:value=".MainActivity" />
36-->src\main\AndroidManifest.xml:16:17-46
37        </activity>
38        <activity
38-->src\main\AndroidManifest.xml:28:9-35:20
39            android:name="com.example.dogglers.MainActivity"
39-->src\main\AndroidManifest.xml:28:19-47
40            android:exported="true" >
40-->src\main\AndroidManifest.xml:29:13-36
41            <intent-filter>
41-->src\main\AndroidManifest.xml:30:13-34:29
42                <action android:name="android.intent.action.MAIN" />
42-->src\main\AndroidManifest.xml:31:17-69
42-->src\main\AndroidManifest.xml:31:25-66
43
44                <category android:name="android.intent.category.LAUNCHER" />
44-->src\main\AndroidManifest.xml:33:17-77
44-->src\main\AndroidManifest.xml:33:27-74
45            </intent-filter>
46        </activity>
47        <activity
47-->[androidx.fragment:fragment-testing:1.4.1] AndroidManifest.xml:28:9-37:20
48            android:name="androidx.fragment.app.testing.FragmentScenario$EmptyFragmentActivity"
48-->[androidx.fragment:fragment-testing:1.4.1] AndroidManifest.xml:29:13-96
49            android:exported="true"
49-->[androidx.fragment:fragment-testing:1.4.1] AndroidManifest.xml:30:13-36
50            android:multiprocess="true"
50-->[androidx.fragment:fragment-testing:1.4.1] AndroidManifest.xml:31:13-40
51            android:taskAffinity=""
51-->[androidx.fragment:fragment-testing:1.4.1] AndroidManifest.xml:32:13-36
52            android:theme="@style/FragmentScenarioEmptyFragmentActivityTheme" >
52-->[androidx.fragment:fragment-testing:1.4.1] AndroidManifest.xml:33:13-78
53            <intent-filter>
53-->[androidx.fragment:fragment-testing:1.4.1] AndroidManifest.xml:34:13-36:29
54                <action android:name="android.intent.action.MAIN" />
54-->src\main\AndroidManifest.xml:31:17-69
54-->src\main\AndroidManifest.xml:31:25-66
55            </intent-filter>
56        </activity>
57        <activity
57-->[androidx.test:core:1.4.0] AndroidManifest.xml:27:9-34:20
58            android:name="androidx.test.core.app.InstrumentationActivityInvoker$BootstrapActivity"
58-->[androidx.test:core:1.4.0] AndroidManifest.xml:28:13-99
59            android:exported="true"
59-->[androidx.test:core:1.4.0] AndroidManifest.xml:29:13-36
60            android:theme="@android:style/Theme" >
60-->[androidx.test:core:1.4.0] AndroidManifest.xml:30:13-49
61            <intent-filter>
61-->[androidx.fragment:fragment-testing:1.4.1] AndroidManifest.xml:34:13-36:29
62                <action android:name="android.intent.action.MAIN" />
62-->src\main\AndroidManifest.xml:31:17-69
62-->src\main\AndroidManifest.xml:31:25-66
63            </intent-filter>
64        </activity>
65        <activity
65-->[androidx.test:core:1.4.0] AndroidManifest.xml:35:9-42:20
66            android:name="androidx.test.core.app.InstrumentationActivityInvoker$EmptyActivity"
66-->[androidx.test:core:1.4.0] AndroidManifest.xml:36:13-95
67            android:exported="true"
67-->[androidx.test:core:1.4.0] AndroidManifest.xml:37:13-36
68            android:theme="@android:style/Theme" >
68-->[androidx.test:core:1.4.0] AndroidManifest.xml:38:13-49
69            <intent-filter>
69-->[androidx.fragment:fragment-testing:1.4.1] AndroidManifest.xml:34:13-36:29
70                <action android:name="android.intent.action.MAIN" />
70-->src\main\AndroidManifest.xml:31:17-69
70-->src\main\AndroidManifest.xml:31:25-66
71            </intent-filter>
72        </activity>
73        <activity
73-->[androidx.test:core:1.4.0] AndroidManifest.xml:43:9-50:20
74            android:name="androidx.test.core.app.InstrumentationActivityInvoker$EmptyFloatingActivity"
74-->[androidx.test:core:1.4.0] AndroidManifest.xml:44:13-103
75            android:exported="true"
75-->[androidx.test:core:1.4.0] AndroidManifest.xml:45:13-36
76            android:theme="@android:style/Theme.Dialog" >
76-->[androidx.test:core:1.4.0] AndroidManifest.xml:46:13-56
77            <intent-filter>
77-->[androidx.fragment:fragment-testing:1.4.1] AndroidManifest.xml:34:13-36:29
78                <action android:name="android.intent.action.MAIN" />
78-->src\main\AndroidManifest.xml:31:17-69
78-->src\main\AndroidManifest.xml:31:25-66
79            </intent-filter>
80        </activity>
81
82        <provider
82-->[androidx.emoji2:emoji2:1.0.0] AndroidManifest.xml:26:9-34:20
83            android:name="androidx.startup.InitializationProvider"
83-->[androidx.emoji2:emoji2:1.0.0] AndroidManifest.xml:27:13-67
84            android:authorities="com.example.dogglers.androidx-startup"
84-->[androidx.emoji2:emoji2:1.0.0] AndroidManifest.xml:28:13-68
85            android:exported="false" >
85-->[androidx.emoji2:emoji2:1.0.0] AndroidManifest.xml:29:13-37
86            <meta-data
86-->[androidx.emoji2:emoji2:1.0.0] AndroidManifest.xml:31:13-33:52
87                android:name="androidx.emoji2.text.EmojiCompatInitializer"
87-->[androidx.emoji2:emoji2:1.0.0] AndroidManifest.xml:32:17-75
88                android:value="androidx.startup" />
88-->[androidx.emoji2:emoji2:1.0.0] AndroidManifest.xml:33:17-49
89            <meta-data
89-->[androidx.lifecycle:lifecycle-process:2.4.0] AndroidManifest.xml:31:13-33:52
90                android:name="androidx.lifecycle.ProcessLifecycleInitializer"
90-->[androidx.lifecycle:lifecycle-process:2.4.0] AndroidManifest.xml:32:17-78
91                android:value="androidx.startup" />
91-->[androidx.lifecycle:lifecycle-process:2.4.0] AndroidManifest.xml:33:17-49
92        </provider>
93    </application>
94
95</manifest>